[2021-03-05 11:58:58,180][INFO][SERVER][Check][milvus_server] InstanceLockCheck passed.
[2021-03-05 11:58:58,184][INFO][SERVER][Check][milvus_server] InstanceLockCheck passed.
[2021-03-05 11:58:58,185][INFO][SERVER][Start][milvus_server] Milvus Release version: v0.9.1, built at 2020-05-28 17:39.31
[2021-03-05 11:58:58,187][INFO][SERVER][Start][milvus_server] CPU edition
[2021-03-05 11:58:58,188][INFO][SERVER][CheckCpuInstructionSet][milvus_server] Supported CPU instruction sets: avx2, sse4_2
[2021-03-05 11:58:58,202][INFO][SERVER][LogConfigInFile][milvus_server] 

***************Config in file***************

version: 0.4
server_config:
  address: 0.0.0.0
  port: 19530
  deploy_mode: single
  time_zone: UTC+8
  web_enable: true
  web_port: 19121
db_config:
  backend_url: sqlite://:@:/
  preload_collection: ~
  auto_flush_interval: 1
storage_config:
  primary_path: /var/lib/milvus
  secondary_path: ~
  file_cleanup_timeout: 10
metric_config:
  enable_monitor: false
  address: 127.0.0.1
  port: 9091
cache_config:
  cpu_cache_capacity: 4
  insert_buffer_size: 1
  cache_insert_data: false
engine_config:
  use_blas_threshold: 1100
  gpu_search_threshold: 1000
gpu_resource_config:
  enable: false
  cache_capacity: 1
  search_resources:
    - gpu0
  build_index_resources:
    - gpu0
tracing_config:
  json_config_path: ~
wal_config:
  enable: true
  recovery_error_ignore: true
  buffer_size: 256
  wal_path: /var/lib/milvus/wal
logs:
  trace.enable: true
  debug.enable: true
  info.enable: true
  warning.enable: true
  error.enable: true
  fatal.enable: true
  path: /var/lib/milvus/logs
  max_log_file_size: 1024
  log_rotate_num: 0
[2021-03-05 11:58:58,204][INFO][SERVER][LogCpuInfo][milvus_server] 

***************CPU***************

processor	: 3
vendor_id	: GenuineIntel
cpu family	: 6
model		: 142
model name	: Intel(R) Core(TM) i5-8257U CPU @ 1.40GHz
stepping	: 10
cpu MHz		: 1400.000
cache size	: 6144 KB
physical id	: 3
siblings	: 1
core id		: 0
cpu cores	: 1
apicid		: 3
initial apicid	: 3
fpu		: yes
fpu_exception	: yes
cpuid level	: 22
wp		: yes
flags		: fpu vme de pse tsc msr pae mce cx8 apic sep mtrr pge mca cmov pat pse36 clflush mmx fxsr sse sse2 ss ht pbe syscall nx pdpe1gb lm constant_tsc rep_good nopl xtopology nonstop_tsc cpuid tsc_known_freq pni pclmulqdq dtes64 ds_cpl ssse3 sdbg fma cx16 xtpr pcid sse4_1 sse4_2 movbe popcnt aes xsave avx f16c rdrand hypervisor lahf_lm abm 3dnowprefetch fsgsbase bmi1 avx2 bmi2 erms xsaveopt arat
bugs		: cpu_meltdown spectre_v1 spectre_v2 spec_store_bypass l1tf mds swapgs itlb_multihit
bogomips	: 2787.32
clflush size	: 64
cache_alignment	: 64
address sizes	: 39 bits physical, 48 bits virtual
power management:


[2021-03-05 11:58:58,205][INFO][SERVER][LogConfigInMem][milvus_server] 

***************Config in memory***************

{
   "cache_config": {
      "cache_insert_data": "false",
      "cpu_cache_capacity": "4",
      "cpu_cache_threshold": "0.7",
      "insert_buffer_size": "1"
   },
   "db_config": {
      "archive_days_threshold": "0",
      "archive_disk_threshold": "0",
      "auto_flush_interval": "1",
      "backend_url": "sqlite://:@:/",
      "preload_collection": ""
   },
   "engine_config": {
      "omp_thread_num": "0",
      "simd_type": "auto",
      "use_blas_threshold": "1100"
   },
   "logs": {
      "debug.enable": "true",
      "error.enable": "true",
      "fatal.enable": "true",
      "info.enable": "true",
      "log_rotate_num": "0",
      "max_log_file_size": "1024",
      "path": "/var/lib/milvus/logs",
      "trace.enable": "true",
      "warning.enable": "true"
   },
   "metric_config": {
      "address": "127.0.0.1",
      "enable_monitor": "false",
      "port": "9091"
   },
   "server_config": {
      "address": "0.0.0.0",
      "deploy_mode": "single",
      "port": "19530",
      "time_zone": "UTC+8",
      "web_enable": "true",
      "web_port": "19121"
   },
   "storage_config": {
      "primary_path": "/var/lib/milvus",
      "secondary_path": ""
   },
   "tracing_config": {
      "json_config_path": ""
   },
   "wal_config": {
      "buffer_size": "256",
      "enable": "true",
      "recovery_error_ignore": "true",
      "wal_path": "/var/lib/milvus/wal"
   }
}
[2021-03-05 11:58:58,223][INFO][ENGINE][Build][milvus_server] Using SQLite
[2021-03-05 11:58:59,320][INFO][WAL][CollectionFlushed][wal_thread]  is flushed by lsn 0
[2021-03-05 11:59:00,322][INFO][WAL][CollectionFlushed][wal_thread]  is flushed by lsn 0
[2021-03-05 11:59:01,324][INFO][WAL][CollectionFlushed][wal_thread]  is flushed by lsn 0
[2021-03-05 11:59:02,327][INFO][WAL][CollectionFlushed][wal_thread]  is flushed by lsn 0
[2021-03-05 11:59:03,329][INFO][WAL][CollectionFlushed][wal_thread]  is flushed by lsn 0
[2021-03-05 11:59:04,331][INFO][WAL][CollectionFlushed][wal_thread]  is flushed by lsn 0
[2021-03-05 11:59:05,333][INFO][WAL][CollectionFlushed][wal_thread]  is flushed by lsn 0
[2021-03-05 11:59:06,334][INFO][WAL][CollectionFlushed][wal_thread]  is flushed by lsn 0
[2021-03-05 11:59:07,335][INFO][WAL][CollectionFlushed][wal_thread]  is flushed by lsn 0
[2021-03-05 11:59:08,339][INFO][WAL][CollectionFlushed][wal_thread]  is flushed by lsn 0
[2021-03-05 11:59:09,341][INFO][WAL][CollectionFlushed][wal_thread]  is flushed by lsn 0
[2021-03-05 11:59:10,342][INFO][WAL][CollectionFlushed][wal_thread]  is flushed by lsn 0
[2021-03-05 11:59:11,353][INFO][WAL][CollectionFlushed][wal_thread]  is flushed by lsn 0
[2021-03-05 11:59:12,356][INFO][WAL][CollectionFlushed][wal_thread]  is flushed by lsn 0
[2021-03-05 11:59:13,358][INFO][WAL][CollectionFlushed][wal_thread]  is flushed by lsn 0
[2021-03-05 11:59:14,359][INFO][WAL][CollectionFlushed][wal_thread]  is flushed by lsn 0
[2021-03-05 11:59:15,363][INFO][WAL][CollectionFlushed][wal_thread]  is flushed by lsn 0
[2021-03-05 11:59:16,368][INFO][WAL][CollectionFlushed][wal_thread]  is flushed by lsn 0
[2021-03-05 11:59:17,369][INFO][WAL][CollectionFlushed][wal_thread]  is flushed by lsn 0
[2021-03-05 11:59:18,371][INFO][WAL][CollectionFlushed][wal_thread]  is flushed by lsn 0
[2021-03-05 11:59:19,373][INFO][WAL][CollectionFlushed][wal_thread]  is flushed by lsn 0
[2021-03-05 11:59:20,376][INFO][WAL][CollectionFlushed][wal_thread]  is flushed by lsn 0
[2021-03-05 11:59:21,378][INFO][WAL][CollectionFlushed][wal_thread]  is flushed by lsn 0
[2021-03-05 11:59:22,381][INFO][WAL][CollectionFlushed][wal_thread]  is flushed by lsn 0
[2021-03-05 11:59:23,386][INFO][WAL][CollectionFlushed][wal_thread]  is flushed by lsn 0
[2021-03-05 11:59:24,393][INFO][WAL][CollectionFlushed][wal_thread]  is flushed by lsn 0
[2021-03-05 11:59:25,395][INFO][WAL][CollectionFlushed][wal_thread]  is flushed by lsn 0
[2021-03-05 11:59:26,399][INFO][WAL][CollectionFlushed][wal_thread]  is flushed by lsn 0
[2021-03-05 11:59:27,402][INFO][WAL][CollectionFlushed][wal_thread]  is flushed by lsn 0
[2021-03-05 11:59:28,407][INFO][WAL][CollectionFlushed][wal_thread]  is flushed by lsn 0
[2021-03-05 11:59:29,411][INFO][WAL][CollectionFlushed][wal_thread]  is flushed by lsn 0
[2021-03-05 11:59:30,416][INFO][WAL][CollectionFlushed][wal_thread]  is flushed by lsn 0
[2021-03-05 11:59:31,417][INFO][WAL][CollectionFlushed][wal_thread]  is flushed by lsn 0
[2021-03-05 11:59:32,423][INFO][WAL][CollectionFlushed][wal_thread]  is flushed by lsn 0
[2021-03-05 11:59:33,425][INFO][WAL][CollectionFlushed][wal_thread]  is flushed by lsn 0
[2021-03-05 11:59:34,428][INFO][WAL][CollectionFlushed][wal_thread]  is flushed by lsn 0
[2021-03-05 11:59:35,430][INFO][WAL][CollectionFlushed][wal_thread]  is flushed by lsn 0
[2021-03-05 11:59:36,432][INFO][WAL][CollectionFlushed][wal_thread]  is flushed by lsn 0
[2021-03-05 11:59:37,438][INFO][WAL][CollectionFlushed][wal_thread]  is flushed by lsn 0
[2021-03-05 11:59:38,441][INFO][WAL][CollectionFlushed][wal_thread]  is flushed by lsn 0
